c:\users\amcartay\desktop\ensf545project\targetshootingvr\x64\release\vc141.pdb
c:\users\amcartay\desktop\ensf545project\targetshootingvr\x64\release\main.obj
c:\users\amcartay\desktop\ensf545project\targetshootingvr\x64\release\camera.obj
c:\users\amcartay\desktop\ensf545project\targetshootingvr\x64\release\scene.obj
c:\users\amcartay\desktop\ensf545project\targetshootingvr\x64\release\target.obj
c:\users\amcartay\desktop\ensf545project\targetshootingvr\x64\release\object.obj
c:\users\amcartay\desktop\ensf545project\targetshootingvr\x64\release\light.obj
c:\users\amcartay\desktop\ensf545project\targetshootingvr\x64\release\hapticmanager.obj
c:\users\amcartay\desktop\ensf545project\targetshootingvr\x64\release\dart.obj
c:\users\amcartay\desktop\ensf545project\targetshootingvr\x64\release\projectile.obj
c:\users\amcartay\desktop\actualproject\ensf545project\targetshootingvr\x64\release\vc141.pdb
c:\users\amcartay\desktop\actualproject\ensf545project\targetshootingvr\x64\release\target.obj
c:\users\amcartay\desktop\actualproject\ensf545project\targetshootingvr\x64\release\scene.obj
c:\users\amcartay\desktop\actualproject\ensf545project\targetshootingvr\x64\release\projectile.obj
c:\users\amcartay\desktop\actualproject\ensf545project\targetshootingvr\x64\release\object.obj
c:\users\amcartay\desktop\actualproject\ensf545project\targetshootingvr\x64\release\main.obj
c:\users\amcartay\desktop\actualproject\ensf545project\targetshootingvr\x64\release\light.obj
c:\users\amcartay\desktop\actualproject\ensf545project\targetshootingvr\x64\release\hapticmanager.obj
c:\users\amcartay\desktop\actualproject\ensf545project\targetshootingvr\x64\release\dart.obj
c:\users\amcartay\desktop\actualproject\ensf545project\targetshootingvr\x64\release\camera.obj
c:\users\amcartay\desktop\ensf545project\targetshootingvr\x64\release\targetshootingvr.exe
c:\users\amcartay\desktop\ensf545project\targetshootingvr\x64\release\knavetest.pdb
c:\users\amcartay\desktop\actualproject\ensf545project\targetshootingvr\x64\release\targetshootingvr.exe
c:\users\amcartay\desktop\actualproject\ensf545project\targetshootingvr\x64\release\knavetest.pdb
c:\users\amcartay\desktop\actualproject\ensf545project\targetshootingvr\x64\release\cavemain.obj
c:\users\amcartay\desktop\actualproject\ensf545project\targetshootingvr\x64\release\facemanager.obj
c:\users\amcartay\desktop\actualproject\ensf545project\targetshootingvr\x64\release\targetshootingvr.tlog\cl.command.1.tlog
c:\users\amcartay\desktop\actualproject\ensf545project\targetshootingvr\x64\release\targetshootingvr.tlog\cl.read.1.tlog
c:\users\amcartay\desktop\actualproject\ensf545project\targetshootingvr\x64\release\targetshootingvr.tlog\cl.write.1.tlog
c:\users\amcartay\desktop\actualproject\ensf545project\targetshootingvr\x64\release\targetshootingvr.tlog\link.command.1.tlog
c:\users\amcartay\desktop\actualproject\ensf545project\targetshootingvr\x64\release\targetshootingvr.tlog\link.read.1.tlog
c:\users\amcartay\desktop\actualproject\ensf545project\targetshootingvr\x64\release\targetshootingvr.tlog\link.write.1.tlog
